<?xml version="1.0" encoding="UTF-8"?>
<testsuite xmlns:xsi="http://www.w3.org/2001/XMLSchema-instance" xsi:noNamespaceSchemaLocation="https://maven.apache.org/surefire/maven-surefire-plugin/xsd/surefire-test-report-3.0.xsd" version="3.0" name="com.example.authentication.AuthenticationApplicationTests" time="7.931" tests="1" errors="0" skipped="0" failures="0">
  <properties>
[...]
</properties>
  <testcase name="contextLoads" classname="com.example.authentication.AuthenticationApplicationTests" time="2.138">
    <system-out><![CDATA[00:04:15.240 [main] INFO org.springframework.test.context.support.AnnotationConfigContextLoaderUtils -- Could not detect default configuration classes for test class [com.example.authentication.AuthenticationApplicationTests]: AuthenticationApplicationTests does not declare any static, non-private, non-final, nested classes annotated with @Configuration.
00:04:15.477 [main] INFO org.springframework.boot.test.context.SpringBootTestContextBootstrapper -- Found @SpringBootConfiguration com.example.authentication.SpringOauth2DemoApplication for test class com.example.authentication.AuthenticationApplicationTests

  .   ____          _            __ _ _
 /\\ / ___'_ __ _ _(_)_ __  __ _ \ \ \ \
( ( )\___ | '_ | '_| | '_ \/ _` | \ \ \ \
 \\/  ___)| |_)| | | | | || (_| |  ) ) ) )
  '  |____| .__|_| |_|_| |_\__, | / / / /
 =========|_|==============|___/=/_/_/_/

 :: Spring Boot ::                (v3.3.4)

2025-10-22T00:04:16.571+05:30  INFO 14580 --- [AuthenticationApp] [           main] c.e.a.AuthenticationApplicationTests     : Starting AuthenticationApplicationTests using Java 17.0.16 with PID 14580 (started by 91706 in D:\authentication)
2025-10-22T00:04:16.575+05:30  INFO 14580 --- [AuthenticationApp] [           main] c.e.a.AuthenticationApplicationTests     : No active profile set, falling back to 1 default profile: "default"
2025-10-22T00:04:20.667+05:30  INFO 14580 --- [AuthenticationApp] [           main] c.e.a.AuthenticationApplicationTests     : Started AuthenticationApplicationTests in 4.74 seconds (process running for 6.92)
]]></system-out>
  </testcase>
</testsuite>